<?xml version="1.0" encoding="UTF-8"?>
<!-- Generated by org.testng.reporters.JUnitReportReporter -->
<testsuite hostname="panchhi" name="TestScripts.TC11" tests="1" failures="0" timestamp="7 Jan 2018 16:02:07 GMT" time="64.185" errors="0">
  <testcase name="Bac" time="64.185" classname="TestScripts.TC11"/>
</testsuite> <!-- TestScripts.TC11 -->
