<?xml version="1.0" encoding="UTF-8"?>
<!-- Generated by org.testng.reporters.JUnitReportReporter -->
<testsuite hostname="panchhi" name="TestScripts.TC2" tests="1" failures="0" timestamp="7 Jan 2018 16:09:49 GMT" time="60.431" errors="0">
  <testcase name="Trending_Channel" time="60.431" classname="TestScripts.TC2"/>
</testsuite> <!-- TestScripts.TC2 -->
