<?xml version="1.0" encoding="UTF-8"?>
<!-- Generated by org.testng.reporters.JUnitReportReporter -->
<testsuite hostname="panchhi" name="test_scripts.TC02" tests="1" failures="0" timestamp="7 Jan 2018 14:16:45 GMT" time="74.916" errors="0">
  <testcase name="TestCase2" time="74.916" classname="test_scripts.TC02"/>
</testsuite> <!-- test_scripts.TC02 -->
