<?xml version="1.0" encoding="UTF-8"?>
<!-- Generated by org.testng.reporters.JUnitReportReporter -->
<testsuite hostname="panchhi" name="test_scripts.TC01" tests="1" failures="0" timestamp="7 Jan 2018 15:29:15 GMT" time="79.715" errors="0">
  <testcase name="TestCase1" time="79.715" classname="test_scripts.TC01"/>
</testsuite> <!-- test_scripts.TC01 -->
