<?xml version="1.0" encoding="UTF-8"?>
<!-- Generated by org.testng.reporters.JUnitReportReporter -->
<testsuite hostname="panchhi" name="TestScripts.TC01" tests="1" failures="0" timestamp="30 Dec 2017 17:21:14 GMT" time="34.693" errors="0">
  <testcase name="TestCase1" time="34.693" classname="TestScripts.TC01"/>
</testsuite> <!-- TestScripts.TC01 -->
